[INFO] Using run: hearty-disco-217 (sp64ptre)
Traceback (most recent call last):
  File "/home/harsh/miniconda3/envs/torch-cu121/lib/python3.10/site-packages/gymnasium/envs/mujoco/mujoco_env.py", line 12, in <module>
    import mujoco
ModuleNotFoundError: No module named 'mujoco'

The above exception was the direct cause of the following exception:

Traceback (most recent call last):
  File "/home/harsh/arjun/robust-predictable-control/train.py", line 441, in main
    workspace = MujocoWorkspace(args)
  File "/home/harsh/arjun/robust-predictable-control/train.py", line 88, in __init__
    self.setup()
  File "/home/harsh/arjun/robust-predictable-control/train.py", line 103, in setup
    self.train_env  = gym.make(self.args.env_name)  # no rendering needed here
  File "/home/harsh/miniconda3/envs/torch-cu121/lib/python3.10/site-packages/gymnasium/envs/registration.py", line 696, in make
    env_creator = load_env_creator(env_spec.entry_point)
  File "/home/harsh/miniconda3/envs/torch-cu121/lib/python3.10/site-packages/gymnasium/envs/registration.py", line 544, in load_env_creator
    mod = importlib.import_module(mod_name)
  File "/home/harsh/miniconda3/envs/torch-cu121/lib/python3.10/importlib/__init__.py", line 126, in import_module
    return _bootstrap._gcd_import(name[level:], package, level)
  File "<frozen importlib._bootstrap>", line 1050, in _gcd_import
  File "<frozen importlib._bootstrap>", line 1027, in _find_and_load
  File "<frozen importlib._bootstrap>", line 992, in _find_and_load_unlocked
  File "<frozen importlib._bootstrap>", line 241, in _call_with_frames_removed
  File "<frozen importlib._bootstrap>", line 1050, in _gcd_import
  File "<frozen importlib._bootstrap>", line 1027, in _find_and_load
  File "<frozen importlib._bootstrap>", line 1006, in _find_and_load_unlocked
  File "<frozen importlib._bootstrap>", line 688, in _load_unlocked
  File "<frozen importlib._bootstrap_external>", line 883, in exec_module
  File "<frozen importlib._bootstrap>", line 241, in _call_with_frames_removed
  File "/home/harsh/miniconda3/envs/torch-cu121/lib/python3.10/site-packages/gymnasium/envs/mujoco/__init__.py", line 1, in <module>
    from gymnasium.envs.mujoco.mujoco_env import MujocoEnv
  File "/home/harsh/miniconda3/envs/torch-cu121/lib/python3.10/site-packages/gymnasium/envs/mujoco/mujoco_env.py", line 14, in <module>
    raise error.DependencyNotInstalled(
gymnasium.error.DependencyNotInstalled: MuJoCo is not installed, run `pip install "gymnasium[mujoco]"`
